{"meta": {"format": 3, "version": "7.12.0", "timestamp": "2025-11-23T18:56:52.930929", "branch_coverage": true, "show_contexts": false}, "files": {"src/image_preprocessing_detector/__init__.py": {"executed_lines": [1, 7, 8, 9, 11, 20], "summary": {"covered_lines": 5, "num_statements": 5, "percent_covered": 100.0, "percent_covered_display": "100.00", "missing_lines": 0, "excluded_lines": 0, "percent_statements_covered": 100.0, "percent_statements_covered_display": "100.00", "num_branches": 0, "num_partial_branches": 0, "covered_branches": 0, "missing_branches": 0, "percent_branches_covered": 100.0, "percent_branches_covered_display": "100.00"}, "missing_lines": [], "excluded_lines": [], "executed_branches": [], "missing_branches": [], "functions": {"": {"executed_lines": [1, 7, 8, 9, 11, 20], "summary": {"covered_lines": 5, "num_statements": 5, "percent_covered": 100.0, "percent_covered_display": "100.00", "missing_lines": 0, "excluded_lines": 0, "percent_statements_covered": 100.0, "percent_statements_covered_display": "100.00", "num_branches": 0, "num_partial_branches": 0, "covered_branches": 0, "missing_branches": 0, "percent_branches_covered": 100.0, "percent_branches_covered_display": "100.00"}, "missing_lines": [], "excluded_lines": [], "executed_branches": [], "missing_branches": []}}, "classes": {"": {"executed_lines": [1, 7, 8, 9, 11, 20], "summary": {"covered_lines": 5, "num_statements": 5, "percent_covered": 100.0, "percent_covered_display": "100.00", "missing_lines": 0, "excluded_lines": 0, "percent_statements_covered": 100.0, "percent_statements_covered_display": "100.00", "num_branches": 0, "num_partial_branches": 0, "covered_branches": 0, "missing_branches": 0, "percent_branches_covered": 100.0, "percent_branches_covered_display": "100.00"}, "missing_lines": [], "excluded_lines": [], "executed_branches": [], "missing_branches": []}}}, "src/image_preprocessing_detector/classification/__init__.py": {"executed_lines": [1, 7, 10, 13, 17], "summary": {"covered_lines": 4, "num_statements": 4, "percent_covered": 100.0, "percent_covered_display": "100.00", "missing_lines": 0, "excluded_lines": 0, "percent_statements_covered": 100.0, "percent_statements_covered_display": "100.00", "num_branches": 0, "num_partial_branches": 0, "covered_branches": 0, "missing_branches": 0, "percent_branches_covered": 100.0, "percent_branches_covered_display": "100.00"}, "missing_lines": [], "excluded_lines": [], "executed_branches": [], "missing_branches": [], "functions": {"": {"executed_lines": [1, 7, 10, 13, 17], "summary": {"covered_lines": 4, "num_statements": 4, "percent_covered": 100.0, "percent_covered_display": "100.00", "missing_lines": 0, "excluded_lines": 0, "percent_statements_covered": 100.0, "percent_statements_covered_display": "100.00", "num_branches": 0, "num_partial_branches": 0, "covered_branches": 0, "missing_branches": 0, "percent_branches_covered": 100.0, "percent_branches_covered_display": "100.00"}, "missing_lines": [], "excluded_lines": [], "executed_branches": [], "missing_branches": []}}, "classes": {"": {"executed_lines": [1, 7, 10, 13, 17], "summary": {"covered_lines": 4, "num_statements": 4, "percent_covered": 100.0, "percent_covered_display": "100.00", "missing_lines": 0, "excluded_lines": 0, "percent_statements_covered": 100.0, "percent_statements_covered_display": "100.00", "num_branches": 0, "num_partial_branches": 0, "covered_branches": 0, "missing_branches": 0, "percent_branches_covered": 100.0, "percent_branches_covered_display": "100.00"}, "missing_lines": [], "excluded_lines": [], "executed_branches": [], "missing_branches": []}}}, "src/image_preprocessing_detector/classification/pdf_image_detector.py": {"executed_lines": [1, 6, 8, 10, 12, 15, 16, 19, 49, 51, 52, 53, 55, 56, 57, 59, 61, 62, 63, 64, 65, 66, 68, 69, 70, 73, 74, 75, 76, 78, 79, 80, 81, 82, 83, 85, 86, 88, 89, 91, 92, 103, 104, 112, 113, 120, 127, 130, 134], "summary": {"covered_lines": 46, "num_statements": 46, "percent_covered": 98.27586206896552, "percent_covered_display": "98.28", "missing_lines": 0, "excluded_lines": 12, "percent_statements_covered": 100.0, "percent_statements_covered_display": "100.00", "num_branches": 12, "num_partial_branches": 1, "covered_branches": 11, "missing_branches": 1, "percent_branches_covered": 91.66666666666667, "percent_branches_covered_display": "91.67"}, "missing_lines": [], "excluded_lines": [134, 135, 137, 138, 139, 141, 143, 145, 146, 148, 149, 150], "executed_branches": [[51, 52], [51, 55], [55, 56], [55, 59], [68, 69], [68, 73], [80, 81], [80, 120], [85, 80], [85, 86], [91, 92]], "missing_branches": [[91, 85]], "functions": {"detect_embedded_images": {"executed_lines": [49, 51, 52, 53, 55, 56, 57, 59, 61, 62, 63, 64, 65, 66, 68, 69, 70, 73, 74, 75, 76, 78, 79, 80, 81, 82, 83, 85, 86, 88, 89, 91, 92, 103, 104, 112, 113, 120, 127, 130], "summary": {"covered_lines": 40, "num_statements": 40, "percent_covered": 98.07692307692308, "percent_covered_display": "98.08", "missing_lines": 0, "excluded_lines": 0, "percent_statements_covered": 100.0, "percent_statements_covered_display": "100.00", "num_branches": 12, "num_partial_branches": 1, "covered_branches": 11, "missing_branches": 1, "percent_branches_covered": 91.66666666666667, "percent_branches_covered_display": "91.67"}, "missing_lines": [], "excluded_lines": [], "executed_branches": [[51, 52], [51, 55], [55, 56], [55, 59], [68, 69], [68, 73], [80, 81], [80, 120], [85, 80], [85, 86], [91, 92]], "missing_branches": [[91, 85]]}, "": {"executed_lines": [1, 6, 8, 10, 12, 15, 16, 19, 134], "summary": {"covered_lines": 6, "num_statements": 6, "percent_covered": 100.0, "percent_covered_display": "100.00", "missing_lines": 0, "excluded_lines": 12, "percent_statements_covered": 100.0, "percent_statements_covered_display": "100.00", "num_branches": 0, "num_partial_branches": 0, "covered_branches": 0, "missing_branches": 0, "percent_branches_covered": 100.0, "percent_branches_covered_display": "100.00"}, "missing_lines": [], "excluded_lines": [134, 135, 137, 138, 139, 141, 143, 145, 146, 148, 149, 150], "executed_branches": [], "missing_branches": []}}, "classes": {"PDFImageDetectionError": {"executed_lines": [], "summary": {"covered_lines": 0, "num_statements": 0, "percent_covered": 100.0, "percent_covered_display": "100.00", "missing_lines": 0, "excluded_lines": 0, "percent_statements_covered": 100.0, "percent_statements_covered_display": "100.00", "num_branches": 0, "num_partial_branches": 0, "covered_branches": 0, "missing_branches": 0, "percent_branches_covered": 100.0, "percent_branches_covered_display": "100.00"}, "missing_lines": [], "excluded_lines": [], "executed_branches": [], "missing_branches": []}, "": {"executed_lines": [1, 6, 8, 10, 12, 15, 16, 19, 49, 51, 52, 53, 55, 56, 57, 59, 61, 62, 63, 64, 65, 66, 68, 69, 70, 73, 74, 75, 76, 78, 79, 80, 81, 82, 83, 85, 86, 88, 89, 91, 92, 103, 104, 112, 113, 120, 127, 130, 134], "summary": {"covered_lines": 46, "num_statements": 46, "percent_covered": 98.27586206896552, "percent_covered_display": "98.28", "missing_lines": 0, "excluded_lines": 12, "percent_statements_covered": 100.0, "percent_statements_covered_display": "100.00", "num_branches": 12, "num_partial_branches": 1, "covered_branches": 11, "missing_branches": 1, "percent_branches_covered": 91.66666666666667, "percent_branches_covered_display": "91.67"}, "missing_lines": [], "excluded_lines": [134, 135, 137, 138, 139, 141, 143, 145, 146, 148, 149, 150], "executed_branches": [[51, 52], [51, 55], [55, 56], [55, 59], [68, 69], [68, 73], [80, 81], [80, 120], [85, 80], [85, 86], [91, 92]], "missing_branches": [[91, 85]]}}}, "src/image_preprocessing_detector/classification/pdf_text_extractor.py": {"executed_lines": [1, 6, 8, 10, 12, 15, 16, 19, 39, 41, 42, 43, 45, 46, 47, 49, 51, 52, 53, 54, 55, 56, 58, 59, 60, 63, 64, 65, 66, 68, 70, 71, 72, 73, 74, 75, 76, 77, 78, 86, 89, 91, 98, 101, 105], "summary": {"covered_lines": 42, "num_statements": 42, "percent_covered": 100.0, "percent_covered_display": "100.00", "missing_lines": 0, "excluded_lines": 13, "percent_statements_covered": 100.0, "percent_statements_covered_display": "100.00", "num_branches": 10, "num_partial_branches": 0, "covered_branches": 10, "missing_branches": 0, "percent_branches_covered": 100.0, "percent_branches_covered_display": "100.00"}, "missing_lines": [], "excluded_lines": [105, 106, 108, 109, 110, 112, 114, 116, 117, 119, 120, 121, 122], "executed_branches": [[41, 42], [41, 45], [45, 46], [45, 49], [58, 59], [58, 63], [71, 72], [71, 86], [75, 71], [75, 76]], "missing_branches": [], "functions": {"extract_text_from_pdf": {"executed_lines": [39, 41, 42, 43, 45, 46, 47, 49, 51, 52, 53, 54, 55, 56, 58, 59, 60, 63, 64, 65, 66, 68, 70, 71, 72, 73, 74, 75, 76, 77, 78, 86, 89, 91, 98, 101], "summary": {"covered_lines": 36, "num_statements": 36, "percent_covered": 100.0, "percent_covered_display": "100.00", "missing_lines": 0, "excluded_lines": 0, "percent_statements_covered": 100.0, "percent_statements_covered_display": "100.00", "num_branches": 10, "num_partial_branches": 0, "covered_branches": 10, "missing_branches": 0, "percent_branches_covered": 100.0, "percent_branches_covered_display": "100.00"}, "missing_lines": [], "excluded_lines": [], "executed_branches": [[41, 42], [41, 45], [45, 46], [45, 49], [58, 59], [58, 63], [71, 72], [71, 86], [75, 71], [75, 76]], "missing_branches": []}, "": {"executed_lines": [1, 6, 8, 10, 12, 15, 16, 19, 105], "summary": {"covered_lines": 6, "num_statements": 6, "percent_covered": 100.0, "percent_covered_display": "100.00", "missing_lines": 0, "excluded_lines": 13, "percent_statements_covered": 100.0, "percent_statements_covered_display": "100.00", "num_branches": 0, "num_partial_branches": 0, "covered_branches": 0, "missing_branches": 0, "percent_branches_covered": 100.0, "percent_branches_covered_display": "100.00"}, "missing_lines": [], "excluded_lines": [105, 106, 108, 109, 110, 112, 114, 116, 117, 119, 120, 121, 122], "executed_branches": [], "missing_branches": []}}, "classes": {"PDFTextExtractionError": {"executed_lines": [], "summary": {"covered_lines": 0, "num_statements": 0, "percent_covered": 100.0, "percent_covered_display": "100.00", "missing_lines": 0, "excluded_lines": 0, "percent_statements_covered": 100.0, "percent_statements_covered_display": "100.00", "num_branches": 0, "num_partial_branches": 0, "covered_branches": 0, "missing_branches": 0, "percent_branches_covered": 100.0, "percent_branches_covered_display": "100.00"}, "missing_lines": [], "excluded_lines": [], "executed_branches": [], "missing_branches": []}, "": {"executed_lines": [1, 6, 8, 10, 12, 15, 16, 19, 39, 41, 42, 43, 45, 46, 47, 49, 51, 52, 53, 54, 55, 56, 58, 59, 60, 63, 64, 65, 66, 68, 70, 71, 72, 73, 74, 75, 76, 77, 78, 86, 89, 91, 98, 101, 105], "summary": {"covered_lines": 42, "num_statements": 42, "percent_covered": 100.0, "percent_covered_display": "100.00", "missing_lines": 0, "excluded_lines": 13, "percent_statements_covered": 100.0, "percent_statements_covered_display": "100.00", "num_branches": 10, "num_partial_branches": 0, "covered_branches": 10, "missing_branches": 0, "percent_branches_covered": 100.0, "percent_branches_covered_display": "100.00"}, "missing_lines": [], "excluded_lines": [105, 106, 108, 109, 110, 112, 114, 116, 117, 119, 120, 121, 122], "executed_branches": [[41, 42], [41, 45], [45, 46], [45, 49], [58, 59], [58, 63], [71, 72], [71, 86], [75, 71], [75, 76]], "missing_branches": []}}}, "src/image_preprocessing_detector/classification/pdf_type_classifier.py": {"executed_lines": [1, 9, 11, 14, 17, 18, 19, 21, 24, 60, 63, 64, 67, 72, 78, 86, 87, 90, 91, 94, 95, 96, 97, 99, 101, 109, 113], "summary": {"covered_lines": 25, "num_statements": 25, "percent_covered": 100.0, "percent_covered_display": "100.00", "missing_lines": 0, "excluded_lines": 17, "percent_statements_covered": 100.0, "percent_statements_covered_display": "100.00", "num_branches": 6, "num_partial_branches": 0, "covered_branches": 6, "missing_branches": 0, "percent_branches_covered": 100.0, "percent_branches_covered_display": "100.00"}, "missing_lines": [], "excluded_lines": [113, 114, 116, 117, 118, 120, 122, 124, 125, 127, 128, 130, 131, 132, 133, 134, 135], "executed_branches": [[63, 64], [63, 67], [94, 95], [94, 96], [96, 97], [96, 99]], "missing_branches": [], "functions": {"classify_pdf_type": {"executed_lines": [60, 63, 64, 67, 72, 78, 86, 87, 90, 91, 94, 95, 96, 97, 99, 101, 109], "summary": {"covered_lines": 17, "num_statements": 17, "percent_covered": 100.0, "percent_covered_display": "100.00", "missing_lines": 0, "excluded_lines": 0, "percent_statements_covered": 100.0, "percent_statements_covered_display": "100.00", "num_branches": 6, "num_partial_branches": 0, "covered_branches": 6, "missing_branches": 0, "percent_branches_covered": 100.0, "percent_branches_covered_display": "100.00"}, "missing_lines": [], "excluded_lines": [], "executed_branches": [[63, 64], [63, 67], [94, 95], [94, 96], [96, 97], [96, 99]], "missing_branches": []}, "": {"executed_lines": [1, 9, 11, 14, 17, 18, 19, 21, 24, 113], "summary": {"covered_lines": 8, "num_statements": 8, "percent_covered": 100.0, "percent_covered_display": "100.00", "missing_lines": 0, "excluded_lines": 17, "percent_statements_covered": 100.0, "percent_statements_covered_display": "100.00", "num_branches": 0, "num_partial_branches": 0, "covered_branches": 0, "missing_branches": 0, "percent_branches_covered": 100.0, "percent_branches_covered_display": "100.00"}, "missing_lines": [], "excluded_lines": [113, 114, 116, 117, 118, 120, 122, 124, 125, 127, 128, 130, 131, 132, 133, 134, 135], "executed_branches": [], "missing_branches": []}}, "classes": {"": {"executed_lines": [1, 9, 11, 14, 17, 18, 19, 21, 24, 60, 63, 64, 67, 72, 78, 86, 87, 90, 91, 94, 95, 96, 97, 99, 101, 109, 113], "summary": {"covered_lines": 25, "num_statements": 25, "percent_covered": 100.0, "percent_covered_display": "100.00", "missing_lines": 0, "excluded_lines": 17, "percent_statements_covered": 100.0, "percent_statements_covered_display": "100.00", "num_branches": 6, "num_partial_branches": 0, "covered_branches": 6, "missing_branches": 0, "percent_branches_covered": 100.0, "percent_branches_covered_display": "100.00"}, "missing_lines": [], "excluded_lines": [113, 114, 116, 117, 118, 120, 122, 124, 125, 127, 128, 130, 131, 132, 133, 134, 135], "executed_branches": [[63, 64], [63, 67], [94, 95], [94, 96], [96, 97], [96, 99]], "missing_branches": []}}}, "src/image_preprocessing_detector/core/__init__.py": {"executed_lines": [4], "summary": {"covered_lines": 0, "num_statements": 0, "percent_covered": 100.0, "percent_covered_display": "100.00", "missing_lines": 0, "excluded_lines": 0, "percent_statements_covered": 100.0, "percent_statements_covered_display": "100.00", "num_branches": 0, "num_partial_branches": 0, "covered_branches": 0, "missing_branches": 0, "percent_branches_covered": 100.0, "percent_branches_covered_display": "100.00"}, "missing_lines": [], "excluded_lines": [], "executed_branches": [], "missing_branches": [], "functions": {"": {"executed_lines": [4], "summary": {"covered_lines": 0, "num_statements": 0, "percent_covered": 100.0, "percent_covered_display": "100.00", "missing_lines": 0, "excluded_lines": 0, "percent_statements_covered": 100.0, "percent_statements_covered_display": "100.00", "num_branches": 0, "num_partial_branches": 0, "covered_branches": 0, "missing_branches": 0, "percent_branches_covered": 100.0, "percent_branches_covered_display": "100.00"}, "missing_lines": [], "excluded_lines": [], "executed_branches": [], "missing_branches": []}}, "classes": {"": {"executed_lines": [4], "summary": {"covered_lines": 0, "num_statements": 0, "percent_covered": 100.0, "percent_covered_display": "100.00", "missing_lines": 0, "excluded_lines": 0, "percent_statements_covered": 100.0, "percent_statements_covered_display": "100.00", "num_branches": 0, "num_partial_branches": 0, "covered_branches": 0, "missing_branches": 0, "percent_branches_covered": 100.0, "percent_branches_covered_display": "100.00"}, "missing_lines": [], "excluded_lines": [], "executed_branches": [], "missing_branches": []}}}, "src/image_preprocessing_detector/core/config.py": {"executed_lines": [4, 6, 7, 9, 11, 14, 15, 21, 50, 55, 60, 66, 73, 82, 91, 98, 103, 108, 114, 124, 125, 126, 127, 129, 139, 140, 141, 142, 143, 144, 145, 147, 159, 172, 173, 174, 176, 177, 179, 184], "summary": {"covered_lines": 38, "num_statements": 39, "percent_covered": 97.87234042553192, "percent_covered_display": "97.87", "missing_lines": 1, "excluded_lines": 0, "percent_statements_covered": 97.43589743589743, "percent_statements_covered_display": "97.44", "num_branches": 8, "num_partial_branches": 0, "covered_branches": 8, "missing_branches": 0, "percent_branches_covered": 100.0, "percent_branches_covered_display": "100.00"}, "missing_lines": [157], "excluded_lines": [], "executed_branches": [[125, 126], [125, 127], [140, 141], [140, 142], [173, 174], [173, 176], [176, 177], [176, 179]], "missing_branches": [], "functions": {"Settings.__init__": {"executed_lines": [50, 55, 60, 66, 73, 82, 91, 98, 103, 108], "summary": {"covered_lines": 10, "num_statements": 10, "percent_covered": 100.0, "percent_covered_display": "100.00", "missing_lines": 0, "excluded_lines": 0, "percent_statements_covered": 100.0, "percent_statements_covered_display": "100.00", "num_branches": 0, "num_partial_branches": 0, "covered_branches": 0, "missing_branches": 0, "percent_branches_covered": 100.0, "percent_branches_covered_display": "100.00"}, "missing_lines": [], "excluded_lines": [], "executed_branches": [], "missing_branches": []}, "Settings._get_bool_env": {"executed_lines": [124, 125, 126, 127], "summary": {"covered_lines": 4, "num_statements": 4, "percent_covered": 100.0, "percent_covered_display": "100.00", "missing_lines": 0, "excluded_lines": 0, "percent_statements_covered": 100.0, "percent_statements_covered_display": "100.00", "num_branches": 2, "num_partial_branches": 0, "covered_branches": 2, "missing_branches": 0, "percent_branches_covered": 100.0, "percent_branches_covered_display": "100.00"}, "missing_lines": [], "excluded_lines": [], "executed_branches": [[125, 126], [125, 127]], "missing_branches": []}, "Settings._get_int_env": {"executed_lines": [139, 140, 141, 142, 143, 144, 145], "summary": {"covered_lines": 7, "num_statements": 7, "percent_covered": 100.0, "percent_covered_display": "100.00", "missing_lines": 0, "excluded_lines": 0, "percent_statements_covered": 100.0, "percent_statements_covered_display": "100.00", "num_branches": 2, "num_partial_branches": 0, "covered_branches": 2, "missing_branches": 0, "percent_branches_covered": 100.0, "percent_branches_covered_display": "100.00"}, "missing_lines": [], "excluded_lines": [], "executed_branches": [[140, 141], [140, 142]], "missing_branches": []}, "Settings._get_str_env": {"executed_lines": [], "summary": {"covered_lines": 0, "num_statements": 1, "percent_covered": 0.0, "percent_covered_display": "0.00", "missing_lines": 1, "excluded_lines": 0, "percent_statements_covered": 0.0, "percent_statements_covered_display": "0.00", "num_branches": 0, "num_partial_branches": 0, "covered_branches": 0, "missing_branches": 0, "percent_branches_covered": 100.0, "percent_branches_covered_display": "100.00"}, "missing_lines": [157], "excluded_lines": [], "executed_branches": [], "missing_branches": []}, "Settings._get_algorithm_env": {"executed_lines": [172, 173, 174, 176, 177, 179, 184], "summary": {"covered_lines": 7, "num_statements": 7, "percent_covered": 100.0, "percent_covered_display": "100.00", "missing_lines": 0, "excluded_lines": 0, "percent_statements_covered": 100.0, "percent_statements_covered_display": "100.00", "num_branches": 4, "num_partial_branches": 0, "covered_branches": 4, "missing_branches": 0, "percent_branches_covered": 100.0, "percent_branches_covered_display": "100.00"}, "missing_lines": [], "excluded_lines": [], "executed_branches": [[173, 174], [173, 176], [176, 177], [176, 179]], "missing_branches": []}, "": {"executed_lines": [4, 6, 7, 9, 11, 14, 15, 21, 114, 129, 147, 159], "summary": {"covered_lines": 10, "num_statements": 10, "percent_covered": 100.0, "percent_covered_display": "100.00", "missing_lines": 0, "excluded_lines": 0, "percent_statements_covered": 100.0, "percent_statements_covered_display": "100.00", "num_branches": 0, "num_partial_branches": 0, "covered_branches": 0, "missing_branches": 0, "percent_branches_covered": 100.0, "percent_branches_covered_display": "100.00"}, "missing_lines": [], "excluded_lines": [], "executed_branches": [], "missing_branches": []}}, "classes": {"Settings": {"executed_lines": [50, 55, 60, 66, 73, 82, 91, 98, 103, 108, 124, 125, 126, 127, 139, 140, 141, 142, 143, 144, 145, 172, 173, 174, 176, 177, 179, 184], "summary": {"covered_lines": 28, "num_statements": 29, "percent_covered": 97.29729729729729, "percent_covered_display": "97.30", "missing_lines": 1, "excluded_lines": 0, "percent_statements_covered": 96.55172413793103, "percent_statements_covered_display": "96.55", "num_branches": 8, "num_partial_branches": 0, "covered_branches": 8, "missing_branches": 0, "percent_branches_covered": 100.0, "percent_branches_covered_display": "100.00"}, "missing_lines": [157], "excluded_lines": [], "executed_branches": [[125, 126], [125, 127], [140, 141], [140, 142], [173, 174], [173, 176], [176, 177], [176, 179]], "missing_branches": []}, "": {"executed_lines": [4, 6, 7, 9, 11, 14, 15, 21, 114, 129, 147, 159], "summary": {"covered_lines": 10, "num_statements": 10, "percent_covered": 100.0, "percent_covered_display": "100.00", "missing_lines": 0, "excluded_lines": 0, "percent_statements_covered": 100.0, "percent_statements_covered_display": "100.00", "num_branches": 0, "num_partial_branches": 0, "covered_branches": 0, "missing_branches": 0, "percent_branches_covered": 100.0, "percent_branches_covered_display": "100.00"}, "missing_lines": [], "excluded_lines": [], "executed_branches": [], "missing_branches": []}}}, "src/image_preprocessing_detector/schema.py": {"executed_lines": [1, 7, 8, 9, 11, 14, 15, 17, 18, 19, 20, 21, 22, 23, 26, 27, 29, 30, 31, 32, 35, 36, 38, 39, 40, 41, 42, 43, 46, 47, 49, 50, 51, 54, 55, 57, 58, 59, 60, 63, 64, 66, 67, 68, 69, 70, 73, 74, 76, 77, 78, 79, 80, 81, 82, 83, 86, 87, 89, 90, 93, 94, 99, 100, 101, 103, 105, 108, 109, 111, 112, 115, 118, 121, 122, 124, 125, 126, 127, 130, 131, 135, 139, 143, 147, 148, 149, 151, 152, 153, 154, 155, 158, 159, 161, 162, 167, 168, 170, 171, 174, 175, 176, 177, 179, 180, 181, 183, 185, 188, 189, 195, 201, 209, 210, 216, 217, 218, 219, 220, 223, 226, 229, 230, 233, 241, 242, 244, 245, 246, 247, 248, 251, 277, 296, 299, 302, 305, 308, 313, 314, 316, 317, 320, 323, 326, 331, 332, 338, 342, 346, 350, 358, 359, 362, 363, 369, 370, 371, 372, 375, 393, 397, 401, 404, 410, 413, 417, 423, 429, 432, 434, 435, 436, 440, 441, 445, 447, 449, 451, 452, 454, 455, 457, 459, 460], "summary": {"covered_lines": 167, "num_statements": 169, "percent_covered": 97.76536312849161, "percent_covered_display": "97.77", "missing_lines": 2, "excluded_lines": 0, "percent_statements_covered": 98.81656804733728, "percent_statements_covered_display": "98.82", "num_branches": 10, "num_partial_branches": 2, "covered_branches": 8, "missing_branches": 2, "percent_branches_covered": 80.0, "percent_branches_covered_display": "80.00"}, "missing_lines": [104, 184], "excluded_lines": [], "executed_branches": [[103, 105], [151, 152], [151, 153], [153, 154], [153, 155], [183, 185], [440, 441], [440, 445]], "missing_branches": [[103, 104], [183, 184]], "functions": {"DetectedIssue.validate_confidence": {"executed_lines": [103, 105], "summary": {"covered_lines": 2, "num_statements": 3, "percent_covered": 60.0, "percent_covered_display": "60.00", "missing_lines": 1, "excluded_lines": 0, "percent_statements_covered": 66.66666666666667, "percent_statements_covered_display": "66.67", "num_branches": 2, "num_partial_branches": 1, "covered_branches": 1, "missing_branches": 1, "percent_branches_covered": 50.0, "percent_branches_covered_display": "50.00"}, "missing_lines": [104], "excluded_lines": [], "executed_branches": [[103, 105]], "missing_branches": [[103, 104]]}, "DocumentElement.validate_bbox": {"executed_lines": [151, 152, 153, 154, 155], "summary": {"covered_lines": 5, "num_statements": 5, "percent_covered": 100.0, "percent_covered_display": "100.00", "missing_lines": 0, "excluded_lines": 0, "percent_statements_covered": 100.0, "percent_statements_covered_display": "100.00", "num_branches": 4, "num_partial_branches": 0, "covered_branches": 4, "missing_branches": 0, "percent_branches_covered": 100.0, "percent_branches_covered_display": "100.00"}, "missing_lines": [], "excluded_lines": [], "executed_branches": [[151, 152], [151, 153], [153, 154], [153, 155]], "missing_branches": []}, "TransformHistory.validate_finished_after_started": {"executed_lines": [183, 185], "summary": {"covered_lines": 2, "num_statements": 3, "percent_covered": 60.0, "percent_covered_display": "60.00", "missing_lines": 1, "excluded_lines": 0, "percent_statements_covered": 66.66666666666667, "percent_statements_covered_display": "66.67", "num_branches": 2, "num_partial_branches": 1, "covered_branches": 1, "missing_branches": 1, "percent_branches_covered": 50.0, "percent_branches_covered_display": "50.00"}, "missing_lines": [184], "excluded_lines": [], "executed_branches": [[183, 185]], "missing_branches": [[183, 184]]}, "DocumentMetadata.validate_pages_count": {"executed_lines": [440, 441, 445], "summary": {"covered_lines": 3, "num_statements": 3, "percent_covered": 100.0, "percent_covered_display": "100.00", "missing_lines": 0, "excluded_lines": 0, "percent_statements_covered": 100.0, "percent_statements_covered_display": "100.00", "num_branches": 2, "num_partial_branches": 0, "covered_branches": 2, "missing_branches": 0, "percent_branches_covered": 100.0, "percent_branches_covered_display": "100.00"}, "missing_lines": [], "excluded_lines": [], "executed_branches": [[440, 441], [440, 445]], "missing_branches": []}, "DocumentMetadata.model_dump_json": {"executed_lines": [449], "summary": {"covered_lines": 1, "num_statements": 1, "percent_covered": 100.0, "percent_covered_display": "100.00", "missing_lines": 0, "excluded_lines": 0, "percent_statements_covered": 100.0, "percent_statements_covered_display": "100.00", "num_branches": 0, "num_partial_branches": 0, "covered_branches": 0, "missing_branches": 0, "percent_branches_covered": 100.0, "percent_branches_covered_display": "100.00"}, "missing_lines": [], "excluded_lines": [], "executed_branches": [], "missing_branches": []}, "DocumentMetadata.from_json_file": {"executed_lines": [454, 455], "summary": {"covered_lines": 2, "num_statements": 2, "percent_covered": 100.0, "percent_covered_display": "100.00", "missing_lines": 0, "excluded_lines": 0, "percent_statements_covered": 100.0, "percent_statements_covered_display": "100.00", "num_branches": 0, "num_partial_branches": 0, "covered_branches": 0, "missing_branches": 0, "percent_branches_covered": 100.0, "percent_branches_covered_display": "100.00"}, "missing_lines": [], "excluded_lines": [], "executed_branches": [], "missing_branches": []}, "DocumentMetadata.to_json_file": {"executed_lines": [459, 460], "summary": {"covered_lines": 2, "num_statements": 2, "percent_covered": 100.0, "percent_covered_display": "100.00", "missing_lines": 0, "excluded_lines": 0, "percent_statements_covered": 100.0, "percent_statements_covered_display": "100.00", "num_branches": 0, "num_partial_branches": 0, "covered_branches": 0, "missing_branches": 0, "percent_branches_covered": 100.0, "percent_branches_covered_display": "100.00"}, "missing_lines": [], "excluded_lines": [], "executed_branches": [], "missing_branches": []}, "": {"executed_lines": [1, 7, 8, 9, 11, 14, 15, 17, 18, 19, 20, 21, 22, 23, 26, 27, 29, 30, 31, 32, 35, 36, 38, 39, 40, 41, 42, 43, 46, 47, 49, 50, 51, 54, 55, 57, 58, 59, 60, 63, 64, 66, 67, 68, 69, 70, 73, 74, 76, 77, 78, 79, 80, 81, 82, 83, 86, 87, 89, 90, 93, 94, 99, 100, 101, 108, 109, 111, 112, 115, 118, 121, 122, 124, 125, 126, 127, 130, 131, 135, 139, 143, 147, 148, 149, 158, 159, 161, 162, 167, 168, 170, 171, 174, 175, 176, 177, 179, 180, 181, 188, 189, 195, 201, 209, 210, 216, 217, 218, 219, 220, 223, 226, 229, 230, 233, 241, 242, 244, 245, 246, 247, 248, 251, 277, 296, 299, 302, 305, 308, 313, 314, 316, 317, 320, 323, 326, 331, 332, 338, 342, 346, 350, 358, 359, 362, 363, 369, 370, 371, 372, 375, 393, 397, 401, 404, 410, 413, 417, 423, 429, 432, 434, 435, 436, 447, 451, 452, 457], "summary": {"covered_lines": 150, "num_statements": 150, "percent_covered": 100.0, "percent_covered_display": "100.00", "missing_lines": 0, "excluded_lines": 0, "percent_statements_covered": 100.0, "percent_statements_covered_display": "100.00", "num_branches": 0, "num_partial_branches": 0, "covered_branches": 0, "missing_branches": 0, "percent_branches_covered": 100.0, "percent_branches_covered_display": "100.00"}, "missing_lines": [], "excluded_lines": [], "executed_branches": [], "missing_branches": []}}, "classes": {"IssueType": {"executed_lines": [], "summary": {"covered_lines": 0, "num_statements": 0, "percent_covered": 100.0, "percent_covered_display": "100.00", "missing_lines": 0, "excluded_lines": 0, "percent_statements_covered": 100.0, "percent_statements_covered_display": "100.00", "num_branches": 0, "num_partial_branches": 0, "covered_branches": 0, "missing_branches": 0, "percent_branches_covered": 100.0, "percent_branches_covered_display": "100.00"}, "missing_lines": [], "excluded_lines": [], "executed_branches": [], "missing_branches": []}, "IssueSeverity": {"executed_lines": [], "summary": {"covered_lines": 0, "num_statements": 0, "percent_covered": 100.0, "percent_covered_display": "100.00", "missing_lines": 0, "excluded_lines": 0, "percent_statements_covered": 100.0, "percent_statements_covered_display": "100.00", "num_branches": 0, "num_partial_branches": 0, "covered_branches": 0, "missing_branches": 0, "percent_branches_covered": 100.0, "percent_branches_covered_display": "100.00"}, "missing_lines": [], "excluded_lines": [], "executed_branches": [], "missing_branches": []}, "ElementCategory": {"executed_lines": [], "summary": {"covered_lines": 0, "num_statements": 0, "percent_covered": 100.0, "percent_covered_display": "100.00", "missing_lines": 0, "excluded_lines": 0, "percent_statements_covered": 100.0, "percent_statements_covered_display": "100.00", "num_branches": 0, "num_partial_branches": 0, "covered_branches": 0, "missing_branches": 0, "percent_branches_covered": 100.0, "percent_branches_covered_display": "100.00"}, "missing_lines": [], "excluded_lines": [], "executed_branches": [], "missing_branches": []}, "PDFType": {"executed_lines": [], "summary": {"covered_lines": 0, "num_statements": 0, "percent_covered": 100.0, "percent_covered_display": "100.00", "missing_lines": 0, "excluded_lines": 0, "percent_statements_covered": 100.0, "percent_statements_covered_display": "100.00", "num_branches": 0, "num_partial_branches": 0, "covered_branches": 0, "missing_branches": 0, "percent_branches_covered": 100.0, "percent_branches_covered_display": "100.00"}, "missing_lines": [], "excluded_lines": [], "executed_branches": [], "missing_branches": []}, "OCRRoutingStrategy": {"executed_lines": [], "summary": {"covered_lines": 0, "num_statements": 0, "percent_covered": 100.0, "percent_covered_display": "100.00", "missing_lines": 0, "excluded_lines": 0, "percent_statements_covered": 100.0, "percent_statements_covered_display": "100.00", "num_branches": 0, "num_partial_branches": 0, "covered_branches": 0, "missing_branches": 0, "percent_branches_covered": 100.0, "percent_branches_covered_display": "100.00"}, "missing_lines": [], "excluded_lines": [], "executed_branches": [], "missing_branches": []}, "LayoutType": {"executed_lines": [], "summary": {"covered_lines": 0, "num_statements": 0, "percent_covered": 100.0, "percent_covered_display": "100.00", "missing_lines": 0, "excluded_lines": 0, "percent_statements_covered": 100.0, "percent_statements_covered_display": "100.00", "num_branches": 0, "num_partial_branches": 0, "covered_branches": 0, "missing_branches": 0, "percent_branches_covered": 100.0, "percent_branches_covered_display": "100.00"}, "missing_lines": [], "excluded_lines": [], "executed_branches": [], "missing_branches": []}, "ActionType": {"executed_lines": [], "summary": {"covered_lines": 0, "num_statements": 0, "percent_covered": 100.0, "percent_covered_display": "100.00", "missing_lines": 0, "excluded_lines": 0, "percent_statements_covered": 100.0, "percent_statements_covered_display": "100.00", "num_branches": 0, "num_partial_branches": 0, "covered_branches": 0, "missing_branches": 0, "percent_branches_covered": 100.0, "percent_branches_covered_display": "100.00"}, "missing_lines": [], "excluded_lines": [], "executed_branches": [], "missing_branches": []}, "DetectedIssue": {"executed_lines": [103, 105], "summary": {"covered_lines": 2, "num_statements": 3, "percent_covered": 60.0, "percent_covered_display": "60.00", "missing_lines": 1, "excluded_lines": 0, "percent_statements_covered": 66.66666666666667, "percent_statements_covered_display": "66.67", "num_branches": 2, "num_partial_branches": 1, "covered_branches": 1, "missing_branches": 1, "percent_branches_covered": 50.0, "percent_branches_covered_display": "50.00"}, "missing_lines": [104], "excluded_lines": [], "executed_branches": [[103, 105]], "missing_branches": [[103, 104]]}, "PlannedAction": {"executed_lines": [], "summary": {"covered_lines": 0, "num_statements": 0, "percent_covered": 100.0, "percent_covered_display": "100.00", "missing_lines": 0, "excluded_lines": 0, "percent_statements_covered": 100.0, "percent_statements_covered_display": "100.00", "num_branches": 0, "num_partial_branches": 0, "covered_branches": 0, "missing_branches": 0, "percent_branches_covered": 100.0, "percent_branches_covered_display": "100.00"}, "missing_lines": [], "excluded_lines": [], "executed_branches": [], "missing_branches": []}, "DocumentElement": {"executed_lines": [151, 152, 153, 154, 155], "summary": {"covered_lines": 5, "num_statements": 5, "percent_covered": 100.0, "percent_covered_display": "100.00", "missing_lines": 0, "excluded_lines": 0, "percent_statements_covered": 100.0, "percent_statements_covered_display": "100.00", "num_branches": 4, "num_partial_branches": 0, "covered_branches": 4, "missing_branches": 0, "percent_branches_covered": 100.0, "percent_branches_covered_display": "100.00"}, "missing_lines": [], "excluded_lines": [], "executed_branches": [[151, 152], [151, 153], [153, 154], [153, 155]], "missing_branches": []}, "LanguageInfo": {"executed_lines": [], "summary": {"covered_lines": 0, "num_statements": 0, "percent_covered": 100.0, "percent_covered_display": "100.00", "missing_lines": 0, "excluded_lines": 0, "percent_statements_covered": 100.0, "percent_statements_covered_display": "100.00", "num_branches": 0, "num_partial_branches": 0, "covered_branches": 0, "missing_branches": 0, "percent_branches_covered": 100.0, "percent_branches_covered_display": "100.00"}, "missing_lines": [], "excluded_lines": [], "executed_branches": [], "missing_branches": []}, "TransformHistory": {"executed_lines": [183, 185], "summary": {"covered_lines": 2, "num_statements": 3, "percent_covered": 60.0, "percent_covered_display": "60.00", "missing_lines": 1, "excluded_lines": 0, "percent_statements_covered": 66.66666666666667, "percent_statements_covered_display": "66.67", "num_branches": 2, "num_partial_branches": 1, "covered_branches": 1, "missing_branches": 1, "percent_branches_covered": 50.0, "percent_branches_covered_display": "50.00"}, "missing_lines": [184], "excluded_lines": [], "executed_branches": [[183, 185]], "missing_branches": [[183, 184]]}, "DQSMetadata": {"executed_lines": [], "summary": {"covered_lines": 0, "num_statements": 0, "percent_covered": 100.0, "percent_covered_display": "100.00", "missing_lines": 0, "excluded_lines": 0, "percent_statements_covered": 100.0, "percent_statements_covered_display": "100.00", "num_branches": 0, "num_partial_branches": 0, "covered_branches": 0, "missing_branches": 0, "percent_branches_covered": 100.0, "percent_branches_covered_display": "100.00"}, "missing_lines": [], "excluded_lines": [], "executed_branches": [], "missing_branches": []}, "PageLayoutSummary": {"executed_lines": [], "summary": {"covered_lines": 0, "num_statements": 0, "percent_covered": 100.0, "percent_covered_display": "100.00", "missing_lines": 0, "excluded_lines": 0, "percent_statements_covered": 100.0, "percent_statements_covered_display": "100.00", "num_branches": 0, "num_partial_branches": 0, "covered_branches": 0, "missing_branches": 0, "percent_branches_covered": 100.0, "percent_branches_covered_display": "100.00"}, "missing_lines": [], "excluded_lines": [], "executed_branches": [], "missing_branches": []}, "PageMetadata": {"executed_lines": [], "summary": {"covered_lines": 0, "num_statements": 0, "percent_covered": 100.0, "percent_covered_display": "100.00", "missing_lines": 0, "excluded_lines": 0, "percent_statements_covered": 100.0, "percent_statements_covered_display": "100.00", "num_branches": 0, "num_partial_branches": 0, "covered_branches": 0, "missing_branches": 0, "percent_branches_covered": 100.0, "percent_branches_covered_display": "100.00"}, "missing_lines": [], "excluded_lines": [], "executed_branches": [], "missing_branches": []}, "ProcessingVersion": {"executed_lines": [], "summary": {"covered_lines": 0, "num_statements": 0, "percent_covered": 100.0, "percent_covered_display": "100.00", "missing_lines": 0, "excluded_lines": 0, "percent_statements_covered": 100.0, "percent_statements_covered_display": "100.00", "num_branches": 0, "num_partial_branches": 0, "covered_branches": 0, "missing_branches": 0, "percent_branches_covered": 100.0, "percent_branches_covered_display": "100.00"}, "missing_lines": [], "excluded_lines": [], "executed_branches": [], "missing_branches": []}, "TeacherUsage": {"executed_lines": [], "summary": {"covered_lines": 0, "num_statements": 0, "percent_covered": 100.0, "percent_covered_display": "100.00", "missing_lines": 0, "excluded_lines": 0, "percent_statements_covered": 100.0, "percent_statements_covered_display": "100.00", "num_branches": 0, "num_partial_branches": 0, "covered_branches": 0, "missing_branches": 0, "percent_branches_covered": 100.0, "percent_branches_covered_display": "100.00"}, "missing_lines": [], "excluded_lines": [], "executed_branches": [], "missing_branches": []}, "DocumentMetadata": {"executed_lines": [440, 441, 445, 449, 454, 455, 459, 460], "summary": {"covered_lines": 8, "num_statements": 8, "percent_covered": 100.0, "percent_covered_display": "100.00", "missing_lines": 0, "excluded_lines": 0, "percent_statements_covered": 100.0, "percent_statements_covered_display": "100.00", "num_branches": 2, "num_partial_branches": 0, "covered_branches": 2, "missing_branches": 0, "percent_branches_covered": 100.0, "percent_branches_covered_display": "100.00"}, "missing_lines": [], "excluded_lines": [], "executed_branches": [[440, 441], [440, 445]], "missing_branches": []}, "": {"executed_lines": [1, 7, 8, 9, 11, 14, 15, 17, 18, 19, 20, 21, 22, 23, 26, 27, 29, 30, 31, 32, 35, 36, 38, 39, 40, 41, 42, 43, 46, 47, 49, 50, 51, 54, 55, 57, 58, 59, 60, 63, 64, 66, 67, 68, 69, 70, 73, 74, 76, 77, 78, 79, 80, 81, 82, 83, 86, 87, 89, 90, 93, 94, 99, 100, 101, 108, 109, 111, 112, 115, 118, 121, 122, 124, 125, 126, 127, 130, 131, 135, 139, 143, 147, 148, 149, 158, 159, 161, 162, 167, 168, 170, 171, 174, 175, 176, 177, 179, 180, 181, 188, 189, 195, 201, 209, 210, 216, 217, 218, 219, 220, 223, 226, 229, 230, 233, 241, 242, 244, 245, 246, 247, 248, 251, 277, 296, 299, 302, 305, 308, 313, 314, 316, 317, 320, 323, 326, 331, 332, 338, 342, 346, 350, 358, 359, 362, 363, 369, 370, 371, 372, 375, 393, 397, 401, 404, 410, 413, 417, 423, 429, 432, 434, 435, 436, 447, 451, 452, 457], "summary": {"covered_lines": 150, "num_statements": 150, "percent_covered": 100.0, "percent_covered_display": "100.00", "missing_lines": 0, "excluded_lines": 0, "percent_statements_covered": 100.0, "percent_statements_covered_display": "100.00", "num_branches": 0, "num_partial_branches": 0, "covered_branches": 0, "missing_branches": 0, "percent_branches_covered": 100.0, "percent_branches_covered_display": "100.00"}, "missing_lines": [], "excluded_lines": [], "executed_branches": [], "missing_branches": []}}}, "src/image_preprocessing_detector/utils/__init__.py": {"executed_lines": [1, 4, 21, 24, 25, 33, 34, 35, 38, 39, 49, 54, 74, 75, 85, 86], "summary": {"covered_lines": 15, "num_statements": 17, "percent_covered": 85.71428571428571, "percent_covered_display": "85.71", "missing_lines": 2, "excluded_lines": 0, "percent_statements_covered": 88.23529411764706, "percent_statements_covered_display": "88.24", "num_branches": 4, "num_partial_branches": 1, "covered_branches": 3, "missing_branches": 1, "percent_branches_covered": 75.0, "percent_branches_covered_display": "75.00"}, "missing_lines": [50, 51], "excluded_lines": [], "executed_branches": [[74, 75], [74, 85], [85, 86]], "missing_branches": [[85, -1]], "functions": {"": {"executed_lines": [1, 4, 21, 24, 25, 33, 34, 35, 38, 39, 49, 54, 74, 75, 85, 86], "summary": {"covered_lines": 15, "num_statements": 17, "percent_covered": 85.71428571428571, "percent_covered_display": "85.71", "missing_lines": 2, "excluded_lines": 0, "percent_statements_covered": 88.23529411764706, "percent_statements_covered_display": "88.24", "num_branches": 4, "num_partial_branches": 1, "covered_branches": 3, "missing_branches": 1, "percent_branches_covered": 75.0, "percent_branches_covered_display": "75.00"}, "missing_lines": [50, 51], "excluded_lines": [], "executed_branches": [[74, 75], [74, 85], [85, 86]], "missing_branches": [[85, -1]]}}, "classes": {"": {"executed_lines": [1, 4, 21, 24, 25, 33, 34, 35, 38, 39, 49, 54, 74, 75, 85, 86], "summary": {"covered_lines": 15, "num_statements": 17, "percent_covered": 85.71428571428571, "percent_covered_display": "85.71", "missing_lines": 2, "excluded_lines": 0, "percent_statements_covered": 88.23529411764706, "percent_statements_covered_display": "88.24", "num_branches": 4, "num_partial_branches": 1, "covered_branches": 3, "missing_branches": 1, "percent_branches_covered": 75.0, "percent_branches_covered_display": "75.00"}, "missing_lines": [50, 51], "excluded_lines": [], "executed_branches": [[74, 75], [74, 85], [85, 86]], "missing_branches": [[85, -1]]}}}, "src/image_preprocessing_detector/utils/datetime_compat.py": {"executed_lines": [1, 10, 11, 12, 13, 16, 17, 20, 21, 22, 30, 53, 58, 69, 72, 79, 82, 90, 91, 92, 95, 109, 111, 113, 116, 117, 118, 120, 121, 122, 125, 136, 137, 139, 141, 142, 146, 149, 159, 162, 172, 175, 187, 188, 189, 192, 206, 207, 209, 210, 213, 227, 228, 230, 232, 233, 235, 238, 239, 249, 250, 251, 254, 265, 266, 268, 269, 270, 271, 272, 276, 290, 291, 296, 300, 302, 307, 310, 312, 317, 323, 324, 333, 340, 341, 343, 345, 347, 350, 351, 352, 354, 362, 368, 379, 380, 381, 382, 384, 385, 387, 391, 393, 396, 406, 407, 408], "summary": {"covered_lines": 105, "num_statements": 109, "percent_covered": 95.30201342281879, "percent_covered_display": "95.30", "missing_lines": 4, "excluded_lines": 0, "percent_statements_covered": 96.3302752293578, "percent_statements_covered_display": "96.33", "num_branches": 40, "num_partial_branches": 3, "covered_branches": 37, "missing_branches": 3, "percent_branches_covered": 92.5, "percent_branches_covered_display": "92.50"}, "missing_lines": [23, 25, 27, 143], "excluded_lines": [], "executed_branches": [[20, 21], [90, 91], [90, 92], [111, 113], [111, 116], [117, 118], [136, 137], [136, 139], [139, 141], [139, 146], [141, 142], [187, 188], [187, 189], [206, 207], [206, 209], [227, 228], [227, 230], [230, 232], [230, 235], [249, 250], [249, 251], [268, 269], [268, 270], [270, 271], [270, 272], [290, 291], [290, 296], [340, 341], [340, 343], [379, 380], [379, 384], [380, 381], [380, 382], [384, 385], [384, 387], [406, 407], [406, 408]], "missing_branches": [[20, 27], [117, 120], [141, 143]], "functions": {"utc_from_timestamp": {"executed_lines": [69], "summary": {"covered_lines": 1, "num_statements": 1, "percent_covered": 100.0, "percent_covered_display": "100.00", "missing_lines": 0, "excluded_lines": 0, "percent_statements_covered": 100.0, "percent_statements_covered_display": "100.00", "num_branches": 0, "num_partial_branches": 0, "covered_branches": 0, "missing_branches": 0, "percent_branches_covered": 100.0, "percent_branches_covered_display": "100.00"}, "missing_lines": [], "excluded_lines": [], "executed_branches": [], "missing_branches": []}, "local_now": {"executed_lines": [79], "summary": {"covered_lines": 1, "num_statements": 1, "percent_covered": 100.0, "percent_covered_display": "100.00", "missing_lines": 0, "excluded_lines": 0, "percent_statements_covered": 100.0, "percent_statements_covered_display": "100.00", "num_branches": 0, "num_partial_branches": 0, "covered_branches": 0, "missing_branches": 0, "percent_branches_covered": 100.0, "percent_branches_covered_display": "100.00"}, "missing_lines": [], "excluded_lines": [], "executed_branches": [], "missing_branches": []}, "timestamp_now": {"executed_lines": [90, 91, 92], "summary": {"covered_lines": 3, "num_statements": 3, "percent_covered": 100.0, "percent_covered_display": "100.00", "missing_lines": 0, "excluded_lines": 0, "percent_statements_covered": 100.0, "percent_statements_covered_display": "100.00", "num_branches": 2, "num_partial_branches": 0, "covered_branches": 2, "missing_branches": 0, "percent_branches_covered": 100.0, "percent_branches_covered_display": "100.00"}, "missing_lines": [], "excluded_lines": [], "executed_branches": [[90, 91], [90, 92]], "missing_branches": []}, "parse_iso": {"executed_lines": [109, 111, 113, 116, 117, 118, 120, 121, 122], "summary": {"covered_lines": 9, "num_statements": 9, "percent_covered": 92.3076923076923, "percent_covered_display": "92.31", "missing_lines": 0, "excluded_lines": 0, "percent_statements_covered": 100.0, "percent_statements_covered_display": "100.00", "num_branches": 4, "num_partial_branches": 1, "covered_branches": 3, "missing_branches": 1, "percent_branches_covered": 75.0, "percent_branches_covered_display": "75.00"}, "missing_lines": [], "excluded_lines": [], "executed_branches": [[111, 113], [111, 116], [117, 118]], "missing_branches": [[117, 120]]}, "to_iso": {"executed_lines": [136, 137, 139, 141, 142, 146], "summary": {"covered_lines": 6, "num_statements": 7, "percent_covered": 84.61538461538461, "percent_covered_display": "84.62", "missing_lines": 1, "excluded_lines": 0, "percent_statements_covered": 85.71428571428571, "percent_statements_covered_display": "85.71", "num_branches": 6, "num_partial_branches": 1, "covered_branches": 5, "missing_branches": 1, "percent_branches_covered": 83.33333333333333, "percent_branches_covered_display": "83.33"}, "missing_lines": [143], "excluded_lines": [], "executed_branches": [[136, 137], [136, 139], [139, 141], [139, 146], [141, 142]], "missing_branches": [[141, 143]]}, "is_aware": {"executed_lines": [159], "summary": {"covered_lines": 1, "num_statements": 1, "percent_covered": 100.0, "percent_covered_display": "100.00", "missing_lines": 0, "excluded_lines": 0, "percent_statements_covered": 100.0, "percent_statements_covered_display": "100.00", "num_branches": 0, "num_partial_branches": 0, "covered_branches": 0, "missing_branches": 0, "percent_branches_covered": 100.0, "percent_branches_covered_display": "100.00"}, "missing_lines": [], "excluded_lines": [], "executed_branches": [], "missing_branches": []}, "is_naive": {"executed_lines": [172], "summary": {"covered_lines": 1, "num_statements": 1, "percent_covered": 100.0, "percent_covered_display": "100.00", "missing_lines": 0, "excluded_lines": 0, "percent_statements_covered": 100.0, "percent_statements_covered_display": "100.00", "num_branches": 0, "num_partial_branches": 0, "covered_branches": 0, "missing_branches": 0, "percent_branches_covered": 100.0, "percent_branches_covered_display": "100.00"}, "missing_lines": [], "excluded_lines": [], "executed_branches": [], "missing_branches": []}, "ensure_aware": {"executed_lines": [187, 188, 189], "summary": {"covered_lines": 3, "num_statements": 3, "percent_covered": 100.0, "percent_covered_display": "100.00", "missing_lines": 0, "excluded_lines": 0, "percent_statements_covered": 100.0, "percent_statements_covered_display": "100.00", "num_branches": 2, "num_partial_branches": 0, "covered_branches": 2, "missing_branches": 0, "percent_branches_covered": 100.0, "percent_branches_covered_display": "100.00"}, "missing_lines": [], "excluded_lines": [], "executed_branches": [[187, 188], [187, 189]], "missing_branches": []}, "naive_to_aware": {"executed_lines": [206, 207, 209, 210], "summary": {"covered_lines": 4, "num_statements": 4, "percent_covered": 100.0, "percent_covered_display": "100.00", "missing_lines": 0, "excluded_lines": 0, "percent_statements_covered": 100.0, "percent_statements_covered_display": "100.00", "num_branches": 2, "num_partial_branches": 0, "covered_branches": 2, "missing_branches": 0, "percent_branches_covered": 100.0, "percent_branches_covered_display": "100.00"}, "missing_lines": [], "excluded_lines": [], "executed_branches": [[206, 207], [206, 209]], "missing_branches": []}, "aware_to_naive": {"executed_lines": [227, 228, 230, 232, 233, 235], "summary": {"covered_lines": 6, "num_statements": 6, "percent_covered": 100.0, "percent_covered_display": "100.00", "missing_lines": 0, "excluded_lines": 0, "percent_statements_covered": 100.0, "percent_statements_covered_display": "100.00", "num_branches": 4, "num_partial_branches": 0, "covered_branches": 4, "missing_branches": 0, "percent_branches_covered": 100.0, "percent_branches_covered_display": "100.00"}, "missing_lines": [], "excluded_lines": [], "executed_branches": [[227, 228], [227, 230], [230, 232], [230, 235]], "missing_branches": []}, "_normalize_for_comparison": {"executed_lines": [249, 250, 251], "summary": {"covered_lines": 3, "num_statements": 3, "percent_covered": 100.0, "percent_covered_display": "100.00", "missing_lines": 0, "excluded_lines": 0, "percent_statements_covered": 100.0, "percent_statements_covered_display": "100.00", "num_branches": 2, "num_partial_branches": 0, "covered_branches": 2, "missing_branches": 0, "percent_branches_covered": 100.0, "percent_branches_covered_display": "100.00"}, "missing_lines": [], "excluded_lines": [], "executed_branches": [[249, 250], [249, 251]], "missing_branches": []}, "safe_compare": {"executed_lines": [265, 266, 268, 269, 270, 271, 272], "summary": {"covered_lines": 7, "num_statements": 7, "percent_covered": 100.0, "percent_covered_display": "100.00", "missing_lines": 0, "excluded_lines": 0, "percent_statements_covered": 100.0, "percent_statements_covered_display": "100.00", "num_branches": 4, "num_partial_branches": 0, "covered_branches": 4, "missing_branches": 0, "percent_branches_covered": 100.0, "percent_branches_covered_display": "100.00"}, "missing_lines": [], "excluded_lines": [], "executed_branches": [[268, 269], [268, 270], [270, 271], [270, 272]], "missing_branches": []}, "assert_datetime_aware": {"executed_lines": [290, 291, 296], "summary": {"covered_lines": 3, "num_statements": 3, "percent_covered": 100.0, "percent_covered_display": "100.00", "missing_lines": 0, "excluded_lines": 0, "percent_statements_covered": 100.0, "percent_statements_covered_display": "100.00", "num_branches": 2, "num_partial_branches": 0, "covered_branches": 2, "missing_branches": 0, "percent_branches_covered": 100.0, "percent_branches_covered_display": "100.00"}, "missing_lines": [], "excluded_lines": [], "executed_branches": [[290, 291], [290, 296]], "missing_branches": []}, "utcnow_compat": {"executed_lines": [302, 307], "summary": {"covered_lines": 2, "num_statements": 2, "percent_covered": 100.0, "percent_covered_display": "100.00", "missing_lines": 0, "excluded_lines": 0, "percent_statements_covered": 100.0, "percent_statements_covered_display": "100.00", "num_branches": 0, "num_partial_branches": 0, "covered_branches": 0, "missing_branches": 0, "percent_branches_covered": 100.0, "percent_branches_covered_display": "100.00"}, "missing_lines": [], "excluded_lines": [], "executed_branches": [], "missing_branches": []}, "utcfromtimestamp_compat": {"executed_lines": [312, 317], "summary": {"covered_lines": 2, "num_statements": 2, "percent_covered": 100.0, "percent_covered_display": "100.00", "missing_lines": 0, "excluded_lines": 0, "percent_statements_covered": 100.0, "percent_statements_covered_display": "100.00", "num_branches": 0, "num_partial_branches": 0, "covered_branches": 0, "missing_branches": 0, "percent_branches_covered": 100.0, "percent_branches_covered_display": "100.00"}, "missing_lines": [], "excluded_lines": [], "executed_branches": [], "missing_branches": []}, "MockDatetime.__init__": {"executed_lines": [340, 341, 343, 345], "summary": {"covered_lines": 4, "num_statements": 4, "percent_covered": 100.0, "percent_covered_display": "100.00", "missing_lines": 0, "excluded_lines": 0, "percent_statements_covered": 100.0, "percent_statements_covered_display": "100.00", "num_branches": 2, "num_partial_branches": 0, "covered_branches": 2, "missing_branches": 0, "percent_branches_covered": 100.0, "percent_branches_covered_display": "100.00"}, "missing_lines": [], "excluded_lines": [], "executed_branches": [[340, 341], [340, 343]], "missing_branches": []}, "MockDatetime.__enter__": {"executed_lines": [350, 351, 352], "summary": {"covered_lines": 3, "num_statements": 3, "percent_covered": 100.0, "percent_covered_display": "100.00", "missing_lines": 0, "excluded_lines": 0, "percent_statements_covered": 100.0, "percent_statements_covered_display": "100.00", "num_branches": 0, "num_partial_branches": 0, "covered_branches": 0, "missing_branches": 0, "percent_branches_covered": 100.0, "percent_branches_covered_display": "100.00"}, "missing_lines": [], "excluded_lines": [], "executed_branches": [], "missing_branches": []}, "MockDatetime.__exit__": {"executed_lines": [362], "summary": {"covered_lines": 1, "num_statements": 1, "percent_covered": 100.0, "percent_covered_display": "100.00", "missing_lines": 0, "excluded_lines": 0, "percent_statements_covered": 100.0, "percent_statements_covered_display": "100.00", "num_branches": 0, "num_partial_branches": 0, "covered_branches": 0, "missing_branches": 0, "percent_branches_covered": 100.0, "percent_branches_covered_display": "100.00"}, "missing_lines": [], "excluded_lines": [], "executed_branches": [], "missing_branches": []}, "mock_now": {"executed_lines": [379, 380, 381, 382, 384, 385, 387], "summary": {"covered_lines": 7, "num_statements": 7, "percent_covered": 100.0, "percent_covered_display": "100.00", "missing_lines": 0, "excluded_lines": 0, "percent_statements_covered": 100.0, "percent_statements_covered_display": "100.00", "num_branches": 6, "num_partial_branches": 0, "covered_branches": 6, "missing_branches": 0, "percent_branches_covered": 100.0, "percent_branches_covered_display": "100.00"}, "missing_lines": [], "excluded_lines": [], "executed_branches": [[379, 380], [379, 384], [380, 381], [380, 382], [384, 385], [384, 387]], "missing_branches": []}, "_original_utc_now": {"executed_lines": [393], "summary": {"covered_lines": 1, "num_statements": 1, "percent_covered": 100.0, "percent_covered_display": "100.00", "missing_lines": 0, "excluded_lines": 0, "percent_statements_covered": 100.0, "percent_statements_covered_display": "100.00", "num_branches": 0, "num_partial_branches": 0, "covered_branches": 0, "missing_branches": 0, "percent_branches_covered": 100.0, "percent_branches_covered_display": "100.00"}, "missing_lines": [], "excluded_lines": [], "executed_branches": [], "missing_branches": []}, "utc_now": {"executed_lines": [406, 407, 408], "summary": {"covered_lines": 3, "num_statements": 3, "percent_covered": 100.0, "percent_covered_display": "100.00", "missing_lines": 0, "excluded_lines": 0, "percent_statements_covered": 100.0, "percent_statements_covered_display": "100.00", "num_branches": 2, "num_partial_branches": 0, "covered_branches": 2, "missing_branches": 0, "percent_branches_covered": 100.0, "percent_branches_covered_display": "100.00"}, "missing_lines": [], "excluded_lines": [], "executed_branches": [[406, 407], [406, 408]], "missing_branches": []}, "": {"executed_lines": [1, 10, 11, 12, 13, 16, 17, 20, 21, 22, 30, 53, 58, 72, 82, 95, 125, 149, 162, 175, 192, 213, 238, 239, 254, 276, 300, 310, 323, 324, 333, 347, 354, 368, 391, 396], "summary": {"covered_lines": 34, "num_statements": 37, "percent_covered": 89.74358974358974, "percent_covered_display": "89.74", "missing_lines": 3, "excluded_lines": 0, "percent_statements_covered": 91.89189189189189, "percent_statements_covered_display": "91.89", "num_branches": 2, "num_partial_branches": 1, "covered_branches": 1, "missing_branches": 1, "percent_branches_covered": 50.0, "percent_branches_covered_display": "50.00"}, "missing_lines": [23, 25, 27], "excluded_lines": [], "executed_branches": [[20, 21]], "missing_branches": [[20, 27]]}}, "classes": {"MockDatetime": {"executed_lines": [340, 341, 343, 345, 350, 351, 352, 362], "summary": {"covered_lines": 8, "num_statements": 8, "percent_covered": 100.0, "percent_covered_display": "100.00", "missing_lines": 0, "excluded_lines": 0, "percent_statements_covered": 100.0, "percent_statements_covered_display": "100.00", "num_branches": 2, "num_partial_branches": 0, "covered_branches": 2, "missing_branches": 0, "percent_branches_covered": 100.0, "percent_branches_covered_display": "100.00"}, "missing_lines": [], "excluded_lines": [], "executed_branches": [[340, 341], [340, 343]], "missing_branches": []}, "": {"executed_lines": [1, 10, 11, 12, 13, 16, 17, 20, 21, 22, 30, 53, 58, 69, 72, 79, 82, 90, 91, 92, 95, 109, 111, 113, 116, 117, 118, 120, 121, 122, 125, 136, 137, 139, 141, 142, 146, 149, 159, 162, 172, 175, 187, 188, 189, 192, 206, 207, 209, 210, 213, 227, 228, 230, 232, 233, 235, 238, 239, 249, 250, 251, 254, 265, 266, 268, 269, 270, 271, 272, 276, 290, 291, 296, 300, 302, 307, 310, 312, 317, 323, 324, 333, 347, 354, 368, 379, 380, 381, 382, 384, 385, 387, 391, 393, 396, 406, 407, 408], "summary": {"covered_lines": 97, "num_statements": 101, "percent_covered": 94.96402877697842, "percent_covered_display": "94.96", "missing_lines": 4, "excluded_lines": 0, "percent_statements_covered": 96.03960396039604, "percent_statements_covered_display": "96.04", "num_branches": 38, "num_partial_branches": 3, "covered_branches": 35, "missing_branches": 3, "percent_branches_covered": 92.10526315789474, "percent_branches_covered_display": "92.11"}, "missing_lines": [23, 25, 27, 143], "excluded_lines": [], "executed_branches": [[20, 21], [90, 91], [90, 92], [111, 113], [111, 116], [117, 118], [136, 137], [136, 139], [139, 141], [139, 146], [141, 142], [187, 188], [187, 189], [206, 207], [206, 209], [227, 228], [227, 230], [230, 232], [230, 235], [249, 250], [249, 251], [268, 269], [268, 270], [270, 271], [270, 272], [290, 291], [290, 296], [379, 380], [379, 384], [380, 381], [380, 382], [384, 385], [384, 387], [406, 407], [406, 408]], "missing_branches": [[20, 27], [117, 120], [141, 143]]}}}, "src/image_preprocessing_detector/utils/log_config.py": {"executed_lines": [1, 8, 9, 10, 12, 13, 14, 17, 20, 32, 35, 54, 69, 71, 74, 76, 84, 93, 97, 113, 123], "summary": {"covered_lines": 19, "num_statements": 19, "percent_covered": 100.0, "percent_covered_display": "100.00", "missing_lines": 0, "excluded_lines": 15, "percent_statements_covered": 100.0, "percent_statements_covered_display": "100.00", "num_branches": 2, "num_partial_branches": 0, "covered_branches": 2, "missing_branches": 0, "percent_branches_covered": 100.0, "percent_branches_covered_display": "100.00"}, "missing_lines": [], "excluded_lines": [123, 125, 127, 129, 130, 131, 132, 134, 143, 144, 145, 147, 148, 149, 150], "executed_branches": [[69, 71], [69, 74]], "missing_branches": [], "functions": {"setup_logging": {"executed_lines": [32, 35, 54, 69, 71, 74, 76], "summary": {"covered_lines": 7, "num_statements": 7, "percent_covered": 100.0, "percent_covered_display": "100.00", "missing_lines": 0, "excluded_lines": 0, "percent_statements_covered": 100.0, "percent_statements_covered_display": "100.00", "num_branches": 2, "num_partial_branches": 0, "covered_branches": 2, "missing_branches": 0, "percent_branches_covered": 100.0, "percent_branches_covered_display": "100.00"}, "missing_lines": [], "excluded_lines": [], "executed_branches": [[69, 71], [69, 74]], "missing_branches": []}, "get_logger": {"executed_lines": [93], "summary": {"covered_lines": 1, "num_statements": 1, "percent_covered": 100.0, "percent_covered_display": "100.00", "missing_lines": 0, "excluded_lines": 0, "percent_statements_covered": 100.0, "percent_statements_covered_display": "100.00", "num_branches": 0, "num_partial_branches": 0, "covered_branches": 0, "missing_branches": 0, "percent_branches_covered": 100.0, "percent_branches_covered_display": "100.00"}, "missing_lines": [], "excluded_lines": [], "executed_branches": [], "missing_branches": []}, "log_performance": {"executed_lines": [113], "summary": {"covered_lines": 1, "num_statements": 1, "percent_covered": 100.0, "percent_covered_display": "100.00", "missing_lines": 0, "excluded_lines": 0, "percent_statements_covered": 100.0, "percent_statements_covered_display": "100.00", "num_branches": 0, "num_partial_branches": 0, "covered_branches": 0, "missing_branches": 0, "percent_branches_covered": 100.0, "percent_branches_covered_display": "100.00"}, "missing_lines": [], "excluded_lines": [], "executed_branches": [], "missing_branches": []}, "_raise_example_error": {"executed_lines": [], "summary": {"covered_lines": 0, "num_statements": 0, "percent_covered": 100.0, "percent_covered_display": "100.00", "missing_lines": 0, "excluded_lines": 2, "percent_statements_covered": 100.0, "percent_statements_covered_display": "100.00", "num_branches": 0, "num_partial_branches": 0, "covered_branches": 0, "missing_branches": 0, "percent_branches_covered": 100.0, "percent_branches_covered_display": "100.00"}, "missing_lines": [], "excluded_lines": [144, 145], "executed_branches": [], "missing_branches": []}, "": {"executed_lines": [1, 8, 9, 10, 12, 13, 14, 17, 20, 84, 97, 123], "summary": {"covered_lines": 10, "num_statements": 10, "percent_covered": 100.0, "percent_covered_display": "100.00", "missing_lines": 0, "excluded_lines": 13, "percent_statements_covered": 100.0, "percent_statements_covered_display": "100.00", "num_branches": 0, "num_partial_branches": 0, "covered_branches": 0, "missing_branches": 0, "percent_branches_covered": 100.0, "percent_branches_covered_display": "100.00"}, "missing_lines": [], "excluded_lines": [123, 125, 127, 129, 130, 131, 132, 134, 143, 147, 148, 149, 150], "executed_branches": [], "missing_branches": []}}, "classes": {"": {"executed_lines": [1, 8, 9, 10, 12, 13, 14, 17, 20, 32, 35, 54, 69, 71, 74, 76, 84, 93, 97, 113, 123], "summary": {"covered_lines": 19, "num_statements": 19, "percent_covered": 100.0, "percent_covered_display": "100.00", "missing_lines": 0, "excluded_lines": 15, "percent_statements_covered": 100.0, "percent_statements_covered_display": "100.00", "num_branches": 2, "num_partial_branches": 0, "covered_branches": 2, "missing_branches": 0, "percent_branches_covered": 100.0, "percent_branches_covered_display": "100.00"}, "missing_lines": [], "excluded_lines": [123, 125, 127, 129, 130, 131, 132, 134, 143, 144, 145, 147, 148, 149, 150], "executed_branches": [[69, 71], [69, 74]], "missing_branches": []}}}, "src/image_preprocessing_detector/utils/model_config.py": {"executed_lines": [], "summary": {"covered_lines": 0, "num_statements": 37, "percent_covered": 0.0, "percent_covered_display": "0.00", "missing_lines": 37, "excluded_lines": 0, "percent_statements_covered": 0.0, "percent_statements_covered_display": "0.00", "num_branches": 10, "num_partial_branches": 0, "covered_branches": 0, "missing_branches": 10, "percent_branches_covered": 0.0, "percent_branches_covered_display": "0.00"}, "missing_lines": [17, 18, 20, 23, 25, 26, 27, 28, 29, 32, 34, 35, 36, 37, 40, 67, 68, 70, 73, 74, 76, 77, 78, 80, 83, 93, 94, 96, 97, 100, 112, 113, 116, 126, 127, 129, 130], "excluded_lines": [], "executed_branches": [], "missing_branches": [[26, 27], [26, 29], [27, 26], [27, 28], [34, 35], [34, 36], [73, 74], [73, 76], [76, 77], [76, 80]], "functions": {"_find_project_root": {"executed_lines": [], "summary": {"covered_lines": 0, "num_statements": 5, "percent_covered": 0.0, "percent_covered_display": "0.00", "missing_lines": 5, "excluded_lines": 0, "percent_statements_covered": 0.0, "percent_statements_covered_display": "0.00", "num_branches": 4, "num_partial_branches": 0, "covered_branches": 0, "missing_branches": 4, "percent_branches_covered": 0.0, "percent_branches_covered_display": "0.00"}, "missing_lines": [25, 26, 27, 28, 29], "excluded_lines": [], "executed_branches": [], "missing_branches": [[26, 27], [26, 29], [27, 26], [27, 28]]}, "_load_yaml_config": {"executed_lines": [], "summary": {"covered_lines": 0, "num_statements": 4, "percent_covered": 0.0, "percent_covered_display": "0.00", "missing_lines": 4, "excluded_lines": 0, "percent_statements_covered": 0.0, "percent_statements_covered_display": "0.00", "num_branches": 2, "num_partial_branches": 0, "covered_branches": 0, "missing_branches": 2, "percent_branches_covered": 0.0, "percent_branches_covered_display": "0.00"}, "missing_lines": [34, 35, 36, 37], "excluded_lines": [], "executed_branches": [], "missing_branches": [[34, 35], [34, 36]]}, "get_doclayout_yolo_config": {"executed_lines": [], "summary": {"covered_lines": 0, "num_statements": 9, "percent_covered": 0.0, "percent_covered_display": "0.00", "missing_lines": 9, "excluded_lines": 0, "percent_statements_covered": 0.0, "percent_statements_covered_display": "0.00", "num_branches": 4, "num_partial_branches": 0, "covered_branches": 0, "missing_branches": 4, "percent_branches_covered": 0.0, "percent_branches_covered_display": "0.00"}, "missing_lines": [67, 68, 70, 73, 74, 76, 77, 78, 80], "excluded_lines": [], "executed_branches": [], "missing_branches": [[73, 74], [73, 76], [76, 77], [76, 80]]}, "get_doclayout_yolo_common_config": {"executed_lines": [], "summary": {"covered_lines": 0, "num_statements": 4, "percent_covered": 0.0, "percent_covered_display": "0.00", "missing_lines": 4, "excluded_lines": 0, "percent_statements_covered": 0.0, "percent_statements_covered_display": "0.00", "num_branches": 0, "num_partial_branches": 0, "covered_branches": 0, "missing_branches": 0, "percent_branches_covered": 100.0, "percent_branches_covered_display": "100.00"}, "missing_lines": [93, 94, 96, 97], "excluded_lines": [], "executed_branches": [], "missing_branches": []}, "get_active_doclayout_yolo_model_id": {"executed_lines": [], "summary": {"covered_lines": 0, "num_statements": 2, "percent_covered": 0.0, "percent_covered_display": "0.00", "missing_lines": 2, "excluded_lines": 0, "percent_statements_covered": 0.0, "percent_statements_covered_display": "0.00", "num_branches": 0, "num_partial_branches": 0, "covered_branches": 0, "missing_branches": 0, "percent_branches_covered": 100.0, "percent_branches_covered_display": "100.00"}, "missing_lines": [112, 113], "excluded_lines": [], "executed_branches": [], "missing_branches": []}, "list_available_doclayout_yolo_models": {"executed_lines": [], "summary": {"covered_lines": 0, "num_statements": 4, "percent_covered": 0.0, "percent_covered_display": "0.00", "missing_lines": 4, "excluded_lines": 0, "percent_statements_covered": 0.0, "percent_statements_covered_display": "0.00", "num_branches": 0, "num_partial_branches": 0, "covered_branches": 0, "missing_branches": 0, "percent_branches_covered": 100.0, "percent_branches_covered_display": "100.00"}, "missing_lines": [126, 127, 129, 130], "excluded_lines": [], "executed_branches": [], "missing_branches": []}, "": {"executed_lines": [], "summary": {"covered_lines": 0, "num_statements": 9, "percent_covered": 0.0, "percent_covered_display": "0.00", "missing_lines": 9, "excluded_lines": 0, "percent_statements_covered": 0.0, "percent_statements_covered_display": "0.00", "num_branches": 0, "num_partial_branches": 0, "covered_branches": 0, "missing_branches": 0, "percent_branches_covered": 100.0, "percent_branches_covered_display": "100.00"}, "missing_lines": [17, 18, 20, 23, 32, 40, 83, 100, 116], "excluded_lines": [], "executed_branches": [], "missing_branches": []}}, "classes": {"": {"executed_lines": [], "summary": {"covered_lines": 0, "num_statements": 37, "percent_covered": 0.0, "percent_covered_display": "0.00", "missing_lines": 37, "excluded_lines": 0, "percent_statements_covered": 0.0, "percent_statements_covered_display": "0.00", "num_branches": 10, "num_partial_branches": 0, "covered_branches": 0, "missing_branches": 10, "percent_branches_covered": 0.0, "percent_branches_covered_display": "0.00"}, "missing_lines": [17, 18, 20, 23, 25, 26, 27, 28, 29, 32, 34, 35, 36, 37, 40, 67, 68, 70, 73, 74, 76, 77, 78, 80, 83, 93, 94, 96, 97, 100, 112, 113, 116, 126, 127, 129, 130], "excluded_lines": [], "executed_branches": [], "missing_branches": [[26, 27], [26, 29], [27, 26], [27, 28], [34, 35], [34, 36], [73, 74], [73, 76], [76, 77], [76, 80]]}}}}, "totals": {"covered_lines": 466, "num_statements": 512, "percent_covered": 89.73941368078177, "percent_covered_display": "89.74", "missing_lines": 46, "excluded_lines": 57, "percent_statements_covered": 91.015625, "percent_statements_covered_display": "91.02", "num_branches": 102, "num_partial_branches": 7, "covered_branches": 85, "missing_branches": 17, "percent_branches_covered": 83.33333333333333, "percent_branches_covered_display": "83.33"}}
